0 info it worked if it ends with ok
1 verbose cli [ '/usr/local/bin/node',
1 verbose cli   '/usr/local/bin/npm',
1 verbose cli   'run',
1 verbose cli   'build:css',
1 verbose cli   '--',
1 verbose cli   '--watch' ]
2 info using npm@4.1.2
3 info using node@v7.7.4
4 verbose run-script [ 'prebuild:css', 'build:css', 'postbuild:css' ]
5 info lifecycle zoek-bootstrap@1.0.0~prebuild:css: zoek-bootstrap@1.0.0
6 silly lifecycle zoek-bootstrap@1.0.0~prebuild:css: no script for prebuild:css, continuing
7 info lifecycle zoek-bootstrap@1.0.0~build:css: zoek-bootstrap@1.0.0
8 verbose lifecycle zoek-bootstrap@1.0.0~build:css: unsafe-perm in lifecycle true
9 verbose lifecycle zoek-bootstrap@1.0.0~build:css: PATH: /usr/local/lib/node_modules/npm/bin/node-gyp-bin:/Users/simon/Projects/zoek-bootstrap/node_modules/.bin:/usr/local/bin:/usr/local/sbin:/usr/local/bin:/usr/bin:/bin:/usr/sbin:/sbin:/Applications/Wireshark.app/Contents/MacOS:/usr/local/sbin:/usr/local/android-sdk-macosx/platform-tools:/usr/local/android-sdk-macosx/tools:/usr/local/android-sdk-macosx/platform-tools:/usr/local/android-sdk-macosx/tools
10 verbose lifecycle zoek-bootstrap@1.0.0~build:css: CWD: /Users/simon/Projects/zoek-bootstrap
11 silly lifecycle zoek-bootstrap@1.0.0~build:css: Args: [ '-c',
11 silly lifecycle   'node-sass --recursive --include-path ./node_modules/normalize-scss/sass --output-style compressed --output ./source/css src/style.scss "--watch"' ]
12 silly lifecycle zoek-bootstrap@1.0.0~build:css: Returned: code: 1  signal: null
13 info lifecycle zoek-bootstrap@1.0.0~build:css: Failed to exec build:css script
14 verbose stack Error: zoek-bootstrap@1.0.0 build:css: `node-sass --recursive --include-path ./node_modules/normalize-scss/sass --output-style compressed --output ./source/css src/style.scss "--watch"`
14 verbose stack Exit status 1
14 verbose stack     at EventEmitter.<anonymous> (/usr/local/lib/node_modules/npm/lib/utils/lifecycle.js:279:16)
14 verbose stack     at emitTwo (events.js:106:13)
14 verbose stack     at EventEmitter.emit (events.js:194:7)
14 verbose stack     at ChildProcess.<anonymous> (/usr/local/lib/node_modules/npm/lib/utils/spawn.js:40:14)
14 verbose stack     at emitTwo (events.js:106:13)
14 verbose stack     at ChildProcess.emit (events.js:194:7)
14 verbose stack     at maybeClose (internal/child_process.js:899:16)
14 verbose stack     at Process.ChildProcess._handle.onexit (internal/child_process.js:226:5)
15 verbose pkgid zoek-bootstrap@1.0.0
16 verbose cwd /Users/simon/Projects/zoek-bootstrap
17 error Darwin 16.6.0
18 error argv "/usr/local/bin/node" "/usr/local/bin/npm" "run" "build:css" "--" "--watch"
19 error node v7.7.4
20 error npm  v4.1.2
21 error code ELIFECYCLE
22 error zoek-bootstrap@1.0.0 build:css: `node-sass --recursive --include-path ./node_modules/normalize-scss/sass --output-style compressed --output ./source/css src/style.scss "--watch"`
22 error Exit status 1
23 error Failed at the zoek-bootstrap@1.0.0 build:css script 'node-sass --recursive --include-path ./node_modules/normalize-scss/sass --output-style compressed --output ./source/css src/style.scss "--watch"'.
23 error Make sure you have the latest version of node.js and npm installed.
23 error If you do, this is most likely a problem with the zoek-bootstrap package,
23 error not with npm itself.
23 error Tell the author that this fails on your system:
23 error     node-sass --recursive --include-path ./node_modules/normalize-scss/sass --output-style compressed --output ./source/css src/style.scss "--watch"
23 error You can get information on how to open an issue for this project with:
23 error     npm bugs zoek-bootstrap
23 error Or if that isn't available, you can get their info via:
23 error     npm owner ls zoek-bootstrap
23 error There is likely additional logging output above.
24 verbose exit [ 1, true ]
